/home/antonia/robot_arm_ws/install/arm_controller/lib/python3.11/site-packages/arm_controller/motor_calibration.py
/home/antonia/robot_arm_ws/install/arm_controller/lib/python3.11/site-packages/arm_controller/__init__.py
/home/antonia/robot_arm_ws/install/arm_controller/lib/python3.11/site-packages/arm_controller/stop_servos.py
/home/antonia/robot_arm_ws/install/arm_controller/lib/python3.11/site-packages/arm_controller/servo_node.py
/home/antonia/robot_arm_ws/install/arm_controller/lib/python3.11/site-packages/arm_controller/test.py
/home/antonia/robot_arm_ws/install/arm_controller/lib/python3.11/site-packages/arm_controller/__pycache__/motor_calibration.cpython-311.pyc
/home/antonia/robot_arm_ws/install/arm_controller/lib/python3.11/site-packages/arm_controller/__pycache__/__init__.cpython-311.pyc
/home/antonia/robot_arm_ws/install/arm_controller/lib/python3.11/site-packages/arm_controller/__pycache__/stop_servos.cpython-311.pyc
/home/antonia/robot_arm_ws/install/arm_controller/lib/python3.11/site-packages/arm_controller/__pycache__/servo_node.cpython-311.pyc
/home/antonia/robot_arm_ws/install/arm_controller/lib/python3.11/site-packages/arm_controller/__pycache__/test.cpython-311.pyc
/home/antonia/robot_arm_ws/install/arm_controller/share/ament_index/resource_index/packages/arm_controller
/home/antonia/robot_arm_ws/install/arm_controller/share/arm_controller/package.xml
/home/antonia/robot_arm_ws/install/arm_controller/lib/python3.11/site-packages/arm_controller-0.0.0-py3.11.egg-info/dependency_links.txt
/home/antonia/robot_arm_ws/install/arm_controller/lib/python3.11/site-packages/arm_controller-0.0.0-py3.11.egg-info/entry_points.txt
/home/antonia/robot_arm_ws/install/arm_controller/lib/python3.11/site-packages/arm_controller-0.0.0-py3.11.egg-info/PKG-INFO
/home/antonia/robot_arm_ws/install/arm_controller/lib/python3.11/site-packages/arm_controller-0.0.0-py3.11.egg-info/zip-safe
/home/antonia/robot_arm_ws/install/arm_controller/lib/python3.11/site-packages/arm_controller-0.0.0-py3.11.egg-info/requires.txt
/home/antonia/robot_arm_ws/install/arm_controller/lib/python3.11/site-packages/arm_controller-0.0.0-py3.11.egg-info/top_level.txt
/home/antonia/robot_arm_ws/install/arm_controller/lib/python3.11/site-packages/arm_controller-0.0.0-py3.11.egg-info/SOURCES.txt
/home/antonia/robot_arm_ws/install/arm_controller/lib/arm_controller/servo_node
