/home/antonia/miniforge3/envs/ros_env/lib/python3.11/site-packages/setuptools/_distutils/dist.py:289: UserWarning: Unknown distribution option: 'tests_require'
  warnings.warn(msg)
running egg_info
creating ../../build/arm_controller/arm_controller.egg-info
writing ../../build/arm_controller/arm_controller.egg-info/PKG-INFO
writing dependency_links to ../../build/arm_controller/arm_controller.egg-info/dependency_links.txt
writing entry points to ../../build/arm_controller/arm_controller.egg-info/entry_points.txt
writing requirements to ../../build/arm_controller/arm_controller.egg-info/requires.txt
writing top-level names to ../../build/arm_controller/arm_controller.egg-info/top_level.txt
writing manifest file '../../build/arm_controller/arm_controller.egg-info/SOURCES.txt'
reading manifest file '../../build/arm_controller/arm_controller.egg-info/SOURCES.txt'
writing manifest file '../../build/arm_controller/arm_controller.egg-info/SOURCES.txt'
running build
running build_py
creating /home/antonia/robot_arm_ws/build/arm_controller/build/lib/arm_controller
copying arm_controller/motor_calibration.py -> /home/antonia/robot_arm_ws/build/arm_controller/build/lib/arm_controller
copying arm_controller/__init__.py -> /home/antonia/robot_arm_ws/build/arm_controller/build/lib/arm_controller
copying arm_controller/stop_servos.py -> /home/antonia/robot_arm_ws/build/arm_controller/build/lib/arm_controller
copying arm_controller/servo_node.py -> /home/antonia/robot_arm_ws/build/arm_controller/build/lib/arm_controller
copying arm_controller/test.py -> /home/antonia/robot_arm_ws/build/arm_controller/build/lib/arm_controller
running install
running install_lib
creating /home/antonia/robot_arm_ws/install/arm_controller/lib/python3.11/site-packages/arm_controller
copying /home/antonia/robot_arm_ws/build/arm_controller/build/lib/arm_controller/motor_calibration.py -> /home/antonia/robot_arm_ws/install/arm_controller/lib/python3.11/site-packages/arm_controller
copying /home/antonia/robot_arm_ws/build/arm_controller/build/lib/arm_controller/__init__.py -> /home/antonia/robot_arm_ws/install/arm_controller/lib/python3.11/site-packages/arm_controller
copying /home/antonia/robot_arm_ws/build/arm_controller/build/lib/arm_controller/stop_servos.py -> /home/antonia/robot_arm_ws/install/arm_controller/lib/python3.11/site-packages/arm_controller
copying /home/antonia/robot_arm_ws/build/arm_controller/build/lib/arm_controller/servo_node.py -> /home/antonia/robot_arm_ws/install/arm_controller/lib/python3.11/site-packages/arm_controller
copying /home/antonia/robot_arm_ws/build/arm_controller/build/lib/arm_controller/test.py -> /home/antonia/robot_arm_ws/install/arm_controller/lib/python3.11/site-packages/arm_controller
byte-compiling /home/antonia/robot_arm_ws/install/arm_controller/lib/python3.11/site-packages/arm_controller/motor_calibration.py to motor_calibration.cpython-311.pyc
byte-compiling /home/antonia/robot_arm_ws/install/arm_controller/lib/python3.11/site-packages/arm_controller/__init__.py to __init__.cpython-311.pyc
byte-compiling /home/antonia/robot_arm_ws/install/arm_controller/lib/python3.11/site-packages/arm_controller/stop_servos.py to stop_servos.cpython-311.pyc
byte-compiling /home/antonia/robot_arm_ws/install/arm_controller/lib/python3.11/site-packages/arm_controller/servo_node.py to servo_node.cpython-311.pyc
byte-compiling /home/antonia/robot_arm_ws/install/arm_controller/lib/python3.11/site-packages/arm_controller/test.py to test.cpython-311.pyc
running install_data
creating /home/antonia/robot_arm_ws/install/arm_controller/share/ament_index/resource_index/packages
copying resource/arm_controller -> /home/antonia/robot_arm_ws/install/arm_controller/share/ament_index/resource_index/packages
copying package.xml -> /home/antonia/robot_arm_ws/install/arm_controller/share/arm_controller
running install_egg_info
Copying ../../build/arm_controller/arm_controller.egg-info to /home/antonia/robot_arm_ws/install/arm_controller/lib/python3.11/site-packages/arm_controller-0.0.0-py3.11.egg-info
running install_scripts
Installing servo_node script to /home/antonia/robot_arm_ws/install/arm_controller/lib/arm_controller
writing list of installed files to '/home/antonia/robot_arm_ws/build/arm_controller/install.log'
