[0.915s] Invoking command in '/home/antonia/robot_arm_ws/src/arm_controller': CONDA_PROMPT_MODIFIER=(ros_env) PYTHONPATH=/home/antonia/robot_arm_ws/build/arm_controller/prefix_override:/home/antonia/miniforge3/envs/ros_env/lib/python3.11/site-packages/colcon_core/task/python/colcon_distutils_commands:/home/antonia/robot_arm_ws/install/arm_controller/lib/python3.11/site-packages:${PYTHONPATH} /home/antonia/miniforge3/envs/ros_env/bin/python3.11 -W ignore:setup.py install is deprecated -W ignore:easy_install command is deprecated setup.py egg_info --egg-base ../../build/arm_controller build --build-base /home/antonia/robot_arm_ws/build/arm_controller/build install --record /home/antonia/robot_arm_ws/build/arm_controller/install.log --single-version-externally-managed install_data
[1.180s] /home/antonia/miniforge3/envs/ros_env/lib/python3.11/site-packages/setuptools/_distutils/dist.py:289: UserWarning: Unknown distribution option: 'tests_require'
[1.180s]   warnings.warn(msg)
[1.284s] running egg_info
[1.300s] creating ../../build/arm_controller/arm_controller.egg-info
[1.301s] writing ../../build/arm_controller/arm_controller.egg-info/PKG-INFO
[1.301s] writing dependency_links to ../../build/arm_controller/arm_controller.egg-info/dependency_links.txt
[1.302s] writing entry points to ../../build/arm_controller/arm_controller.egg-info/entry_points.txt
[1.302s] writing requirements to ../../build/arm_controller/arm_controller.egg-info/requires.txt
[1.302s] writing top-level names to ../../build/arm_controller/arm_controller.egg-info/top_level.txt
[1.302s] writing manifest file '../../build/arm_controller/arm_controller.egg-info/SOURCES.txt'
[1.337s] reading manifest file '../../build/arm_controller/arm_controller.egg-info/SOURCES.txt'
[1.338s] writing manifest file '../../build/arm_controller/arm_controller.egg-info/SOURCES.txt'
[1.339s] running build
[1.339s] running build_py
[1.339s] creating /home/antonia/robot_arm_ws/build/arm_controller/build/lib/arm_controller
[1.339s] copying arm_controller/motor_calibration.py -> /home/antonia/robot_arm_ws/build/arm_controller/build/lib/arm_controller
[1.339s] copying arm_controller/__init__.py -> /home/antonia/robot_arm_ws/build/arm_controller/build/lib/arm_controller
[1.339s] copying arm_controller/stop_servos.py -> /home/antonia/robot_arm_ws/build/arm_controller/build/lib/arm_controller
[1.339s] copying arm_controller/servo_node.py -> /home/antonia/robot_arm_ws/build/arm_controller/build/lib/arm_controller
[1.340s] copying arm_controller/test.py -> /home/antonia/robot_arm_ws/build/arm_controller/build/lib/arm_controller
[1.340s] running install
[1.351s] running install_lib
[1.368s] creating /home/antonia/robot_arm_ws/install/arm_controller/lib/python3.11/site-packages/arm_controller
[1.369s] copying /home/antonia/robot_arm_ws/build/arm_controller/build/lib/arm_controller/motor_calibration.py -> /home/antonia/robot_arm_ws/install/arm_controller/lib/python3.11/site-packages/arm_controller
[1.369s] copying /home/antonia/robot_arm_ws/build/arm_controller/build/lib/arm_controller/__init__.py -> /home/antonia/robot_arm_ws/install/arm_controller/lib/python3.11/site-packages/arm_controller
[1.369s] copying /home/antonia/robot_arm_ws/build/arm_controller/build/lib/arm_controller/stop_servos.py -> /home/antonia/robot_arm_ws/install/arm_controller/lib/python3.11/site-packages/arm_controller
[1.369s] copying /home/antonia/robot_arm_ws/build/arm_controller/build/lib/arm_controller/servo_node.py -> /home/antonia/robot_arm_ws/install/arm_controller/lib/python3.11/site-packages/arm_controller
[1.369s] copying /home/antonia/robot_arm_ws/build/arm_controller/build/lib/arm_controller/test.py -> /home/antonia/robot_arm_ws/install/arm_controller/lib/python3.11/site-packages/arm_controller
[1.370s] byte-compiling /home/antonia/robot_arm_ws/install/arm_controller/lib/python3.11/site-packages/arm_controller/motor_calibration.py to motor_calibration.cpython-311.pyc
[1.371s] byte-compiling /home/antonia/robot_arm_ws/install/arm_controller/lib/python3.11/site-packages/arm_controller/__init__.py to __init__.cpython-311.pyc
[1.371s] byte-compiling /home/antonia/robot_arm_ws/install/arm_controller/lib/python3.11/site-packages/arm_controller/stop_servos.py to stop_servos.cpython-311.pyc
[1.371s] byte-compiling /home/antonia/robot_arm_ws/install/arm_controller/lib/python3.11/site-packages/arm_controller/servo_node.py to servo_node.cpython-311.pyc
[1.372s] byte-compiling /home/antonia/robot_arm_ws/install/arm_controller/lib/python3.11/site-packages/arm_controller/test.py to test.cpython-311.pyc
[1.375s] running install_data
[1.375s] creating /home/antonia/robot_arm_ws/install/arm_controller/share/ament_index/resource_index/packages
[1.378s] copying resource/arm_controller -> /home/antonia/robot_arm_ws/install/arm_controller/share/ament_index/resource_index/packages
[1.378s] copying package.xml -> /home/antonia/robot_arm_ws/install/arm_controller/share/arm_controller
[1.378s] running install_egg_info
[1.397s] Copying ../../build/arm_controller/arm_controller.egg-info to /home/antonia/robot_arm_ws/install/arm_controller/lib/python3.11/site-packages/arm_controller-0.0.0-py3.11.egg-info
[1.398s] running install_scripts
[1.433s] Installing servo_node script to /home/antonia/robot_arm_ws/install/arm_controller/lib/arm_controller
[1.434s] writing list of installed files to '/home/antonia/robot_arm_ws/build/arm_controller/install.log'
[1.536s] Invoked command in '/home/antonia/robot_arm_ws/src/arm_controller' returned '0': CONDA_PROMPT_MODIFIER=(ros_env) PYTHONPATH=/home/antonia/robot_arm_ws/build/arm_controller/prefix_override:/home/antonia/miniforge3/envs/ros_env/lib/python3.11/site-packages/colcon_core/task/python/colcon_distutils_commands:/home/antonia/robot_arm_ws/install/arm_controller/lib/python3.11/site-packages:${PYTHONPATH} /home/antonia/miniforge3/envs/ros_env/bin/python3.11 -W ignore:setup.py install is deprecated -W ignore:easy_install command is deprecated setup.py egg_info --egg-base ../../build/arm_controller build --build-base /home/antonia/robot_arm_ws/build/arm_controller/build install --record /home/antonia/robot_arm_ws/build/arm_controller/install.log --single-version-externally-managed install_data
